2018-03-07 00:21:23.098 [main] INFO  o.s.b.t.c.SpringBootTestContextBootstrapper - Neither @ContextConfiguration nor @ContextHierarchy found for test class [xyz.nesting.quick.ApplicationTests], using SpringBootContextLoader
2018-03-07 00:21:23.110 [main] INFO  o.s.t.c.s.AbstractContextLoader - Could not detect default resource locations for test class [xyz.nesting.quick.ApplicationTests]: no resource found for suffixes {-context.xml, Context.groovy}.
2018-03-07 00:21:23.113 [main] INFO  o.s.t.c.s.AnnotationConfigContextLoaderUtils - Could not detect default configuration classes for test class [xyz.nesting.quick.ApplicationTests]: ApplicationTests does not declare any static, non-private, non-final, nested classes annotated with @Configuration.
2018-03-07 00:21:23.338 [main] INFO  o.s.b.t.c.SpringBootTestContextBootstrapper - Found @SpringBootConfiguration xyz.nesting.quick.Application for test class xyz.nesting.quick.ApplicationTests
2018-03-07 00:21:23.355 [main] INFO  o.s.b.t.c.SpringBootTestContextBootstrapper - Loaded default TestExecutionListener class names from location [META-INF/spring.factories]: [org.springframework.boot.test.mock.mockito.MockitoTestExecutionListener, org.springframework.boot.test.mock.mockito.ResetMocksTestExecutionListener, org.springframework.boot.test.autoconfigure.restdocs.RestDocsTestExecutionListener, org.springframework.boot.test.autoconfigure.web.client.MockRestServiceServerResetTestExecutionListener, org.springframework.boot.test.autoconfigure.web.servlet.MockMvcPrintOnlyOnFailureTestExecutionListener, org.springframework.boot.test.autoconfigure.web.servlet.WebDriverTestExecutionListener, org.springframework.test.context.web.ServletTestExecutionListener, org.springframework.test.context.support.DirtiesContextBeforeModesTestExecutionListener, org.springframework.test.context.support.DependencyInjectionTestExecutionListener, org.springframework.test.context.support.DirtiesContextTestExecutionListener, org.springframework.test.context.transaction.TransactionalTestExecutionListener, org.springframework.test.context.jdbc.SqlScriptsTestExecutionListener]
2018-03-07 00:21:23.396 [main] INFO  o.s.b.t.c.SpringBootTestContextBootstrapper - Using TestExecutionListeners: [org.springframework.test.context.web.ServletTestExecutionListener@3e2e18f2, org.springframework.test.context.support.DirtiesContextBeforeModesTestExecutionListener@470f1802, org.springframework.boot.test.autoconfigure.SpringBootDependencyInjectionTestExecutionListener@63021689, org.springframework.test.context.support.DirtiesContextTestExecutionListener@703580bf, org.springframework.test.context.transaction.TransactionalTestExecutionListener@3e92efc3, org.springframework.test.context.jdbc.SqlScriptsTestExecutionListener@1622f1b, org.springframework.boot.test.mock.mockito.MockitoTestExecutionListener@72a7c7e0, org.springframework.boot.test.autoconfigure.restdocs.RestDocsTestExecutionListener@2e4b8173, org.springframework.boot.test.autoconfigure.web.client.MockRestServiceServerResetTestExecutionListener@70e8f8e, org.springframework.boot.test.autoconfigure.web.servlet.MockMvcPrintOnlyOnFailureTestExecutionListener@17046283, org.springframework.boot.test.mock.mockito.ResetMocksTestExecutionListener@5bd03f44, org.springframework.boot.test.autoconfigure.web.servlet.WebDriverTestExecutionListener@29626d54]
2018-03-07 00:21:23.404 [main] INFO  o.s.b.t.c.SpringBootTestContextBootstrapper - Neither @ContextConfiguration nor @ContextHierarchy found for test class [xyz.nesting.quick.ApplicationTests], using SpringBootContextLoader
2018-03-07 00:21:23.406 [main] INFO  o.s.t.c.s.AbstractContextLoader - Could not detect default resource locations for test class [xyz.nesting.quick.ApplicationTests]: no resource found for suffixes {-context.xml, Context.groovy}.
2018-03-07 00:21:23.407 [main] INFO  o.s.t.c.s.AnnotationConfigContextLoaderUtils - Could not detect default configuration classes for test class [xyz.nesting.quick.ApplicationTests]: ApplicationTests does not declare any static, non-private, non-final, nested classes annotated with @Configuration.
2018-03-07 00:21:23.411 [main] INFO  o.s.b.t.c.SpringBootTestContextBootstrapper - Found @SpringBootConfiguration xyz.nesting.quick.Application for test class xyz.nesting.quick.ApplicationTests
2018-03-07 00:21:23.418 [main] INFO  o.s.b.t.c.SpringBootTestContextBootstrapper - Loaded default TestExecutionListener class names from location [META-INF/spring.factories]: [org.springframework.boot.test.mock.mockito.MockitoTestExecutionListener, org.springframework.boot.test.mock.mockito.ResetMocksTestExecutionListener, org.springframework.boot.test.autoconfigure.restdocs.RestDocsTestExecutionListener, org.springframework.boot.test.autoconfigure.web.client.MockRestServiceServerResetTestExecutionListener, org.springframework.boot.test.autoconfigure.web.servlet.MockMvcPrintOnlyOnFailureTestExecutionListener, org.springframework.boot.test.autoconfigure.web.servlet.WebDriverTestExecutionListener, org.springframework.test.context.web.ServletTestExecutionListener, org.springframework.test.context.support.DirtiesContextBeforeModesTestExecutionListener, org.springframework.test.context.support.DependencyInjectionTestExecutionListener, org.springframework.test.context.support.DirtiesContextTestExecutionListener, org.springframework.test.context.transaction.TransactionalTestExecutionListener, org.springframework.test.context.jdbc.SqlScriptsTestExecutionListener]
2018-03-07 00:21:23.431 [main] INFO  o.s.b.t.c.SpringBootTestContextBootstrapper - Using TestExecutionListeners: [org.springframework.test.context.web.ServletTestExecutionListener@61862a7f, org.springframework.test.context.support.DirtiesContextBeforeModesTestExecutionListener@441772e, org.springframework.boot.test.autoconfigure.SpringBootDependencyInjectionTestExecutionListener@7334aada, org.springframework.test.context.support.DirtiesContextTestExecutionListener@1d9b7cce, org.springframework.test.context.transaction.TransactionalTestExecutionListener@4d9e68d0, org.springframework.test.context.jdbc.SqlScriptsTestExecutionListener@42e99e4a, org.springframework.boot.test.mock.mockito.MockitoTestExecutionListener@14dd9eb7, org.springframework.boot.test.autoconfigure.restdocs.RestDocsTestExecutionListener@52e6fdee, org.springframework.boot.test.autoconfigure.web.client.MockRestServiceServerResetTestExecutionListener@6c80d78a, org.springframework.boot.test.autoconfigure.web.servlet.MockMvcPrintOnlyOnFailureTestExecutionListener@62150f9e, org.springframework.boot.test.mock.mockito.ResetMocksTestExecutionListener@1a451d4d, org.springframework.boot.test.autoconfigure.web.servlet.WebDriverTestExecutionListener@7fa98a66]
2018-03-07 00:21:24.041 [main] INFO  xyz.nesting.quick.ApplicationTests - Starting ApplicationTests on zhengyuedeMacBook-Pro.local with PID 72005 (started by zhengyue in /Users/workspace/springboot_quick)
2018-03-07 00:21:24.042 [main] DEBUG xyz.nesting.quick.ApplicationTests - Running with Spring Boot v1.5.9.RELEASE, Spring v4.3.13.RELEASE
2018-03-07 00:21:24.043 [main] INFO  xyz.nesting.quick.ApplicationTests - The following profiles are active: dev
2018-03-07 00:21:24.115 [main] INFO  o.s.w.c.s.GenericWebApplicationContext - Refreshing org.springframework.web.context.support.GenericWebApplicationContext@74e28667: startup date [Wed Mar 07 00:21:24 CST 2018]; root of context hierarchy
2018-03-07 00:21:24.242 [background-preinit] INFO  o.h.validator.internal.util.Version - HV000001: Hibernate Validator 5.3.6.Final
2018-03-07 00:21:24.972 [main] INFO  o.s.d.r.c.RepositoryConfigurationDelegate - Multiple Spring Data modules found, entering strict repository configuration mode!
2018-03-07 00:21:25.013 [main] INFO  o.s.d.r.c.RepositoryConfigurationDelegate - Multiple Spring Data modules found, entering strict repository configuration mode!
2018-03-07 00:21:26.363 [main] INFO  org.mongodb.driver.cluster - Cluster created with settings {hosts=[localhost:27017], mode=MULTIPLE, requiredClusterType=UNKNOWN, serverSelectionTimeout='30000 ms', maxWaitQueueSize=500}
2018-03-07 00:21:26.364 [main] INFO  org.mongodb.driver.cluster - Adding discovered server localhost:27017 to client view of cluster
2018-03-07 00:21:26.737 [main] INFO  org.mongodb.driver.cluster - No server chosen by WritableServerSelector from cluster description ClusterDescription{type=UNKNOWN, connectionMode=MULTIPLE, serverDescriptions=[ServerDescription{address=localhost:27017, type=UNKNOWN, state=CONNECTING}]}. Waiting for 30000 ms before timing out
2018-03-07 00:21:26.832 [cluster-ClusterId{value='5a9ec006519d5f19455afb33', description='null'}-localhost:27017] INFO  org.mongodb.driver.connection - Opened connection [connectionId{localValue:1, serverValue:121}] to localhost:27017
2018-03-07 00:21:26.834 [cluster-ClusterId{value='5a9ec006519d5f19455afb33', description='null'}-localhost:27017] INFO  org.mongodb.driver.cluster - Monitor thread successfully connected to server with description ServerDescription{address=localhost:27017, type=STANDALONE, state=CONNECTED, ok=true, version=ServerVersion{versionList=[3, 4, 9]}, minWireVersion=0, maxWireVersion=5, maxDocumentSize=16777216, roundTripTimeNanos=971103}
2018-03-07 00:21:26.836 [cluster-ClusterId{value='5a9ec006519d5f19455afb33', description='null'}-localhost:27017] INFO  org.mongodb.driver.cluster - Discovered cluster type of STANDALONE
2018-03-07 00:21:26.843 [main] INFO  org.mongodb.driver.connection - Opened connection [connectionId{localValue:2, serverValue:122}] to localhost:27017
2018-03-07 00:21:27.204 [main] INFO  o.s.s.c.ThreadPoolTaskExecutor - Initializing ExecutorService  'taskExecutor'
2018-03-07 00:21:27.919 [main] INFO  o.s.w.s.m.m.a.RequestMappingHandlerAdapter - Looking for @ControllerAdvice: org.springframework.web.context.support.GenericWebApplicationContext@74e28667: startup date [Wed Mar 07 00:21:24 CST 2018]; root of context hierarchy
2018-03-07 00:21:28.034 [main] INFO  o.s.w.s.m.m.a.RequestMappingHandlerMapping - Mapped "{[/api/auth/individual],methods=[GET]}" onto public xyz.nesting.quick.util.ZcApiResponse xyz.nesting.quick.controller.api.AuthController.get()
2018-03-07 00:21:28.036 [main] INFO  o.s.w.s.m.m.a.RequestMappingHandlerMapping - Mapped "{[/api/auth/individual],methods=[POST]}" onto public xyz.nesting.quick.util.ZcApiResponse xyz.nesting.quick.controller.api.AuthController.auth(xyz.nesting.quick.protocol.req.AuthIndividualReq)
2018-03-07 00:21:28.039 [main] INFO  o.s.w.s.m.m.a.RequestMappingHandlerMapping - Mapped "{[/api/user],methods=[POST]}" onto public xyz.nesting.quick.util.ZcApiResponse xyz.nesting.quick.controller.api.UserController.add(xyz.nesting.quick.protocol.req.UserReq)
2018-03-07 00:21:28.040 [main] INFO  o.s.w.s.m.m.a.RequestMappingHandlerMapping - Mapped "{[/api/user],methods=[GET]}" onto public xyz.nesting.quick.util.ZcApiResponse xyz.nesting.quick.controller.api.UserController.get()
2018-03-07 00:21:28.040 [main] INFO  o.s.w.s.m.m.a.RequestMappingHandlerMapping - Mapped "{[/api/user/test],methods=[POST]}" onto public xyz.nesting.quick.util.ZcApiResponse xyz.nesting.quick.controller.api.UserController.test()
2018-03-07 00:21:28.043 [main] INFO  o.s.w.s.m.m.a.RequestMappingHandlerMapping - Mapped "{[/api/user/profile],methods=[PUT]}" onto public xyz.nesting.quick.util.ZcApiResponse xyz.nesting.quick.controller.api.UserController.updateProfile(xyz.nesting.quick.protocol.req.UserProfileReq)
2018-03-07 00:21:28.044 [main] INFO  o.s.w.s.m.m.a.RequestMappingHandlerMapping - Mapped "{[/api/user/image],methods=[PUT]}" onto public xyz.nesting.quick.util.ZcApiResponse xyz.nesting.quick.controller.api.UserController.updateImage(xyz.nesting.quick.protocol.req.UserImageReq)
2018-03-07 00:21:28.045 [main] INFO  o.s.w.s.m.m.a.RequestMappingHandlerMapping - Mapped "{[/public/test],methods=[GET]}" onto public xyz.nesting.quick.util.ZcApiResponse xyz.nesting.quick.controller.pub.PubController.test(java.lang.String)
2018-03-07 00:21:28.049 [main] INFO  o.s.w.s.m.m.a.RequestMappingHandlerMapping - Mapped "{[/error]}" onto public org.springframework.http.ResponseEntity<java.util.Map<java.lang.String, java.lang.Object>> org.springframework.boot.autoconfigure.web.BasicErrorController.error(javax.servlet.http.HttpServletRequest)
2018-03-07 00:21:28.050 [main] INFO  o.s.w.s.m.m.a.RequestMappingHandlerMapping - Mapped "{[/error],produces=[text/html]}" onto public org.springframework.web.servlet.ModelAndView org.springframework.boot.autoconfigure.web.BasicErrorController.errorHtml(javax.servlet.http.HttpServletRequest,javax.servlet.http.HttpServletResponse)
2018-03-07 00:21:28.120 [main] INFO  o.s.w.s.h.SimpleUrlHandlerMapping - Mapped URL path [/webjars/**] onto handler of type [class org.springframework.web.servlet.resource.ResourceHttpRequestHandler]
2018-03-07 00:21:28.121 [main] INFO  o.s.w.s.h.SimpleUrlHandlerMapping - Mapped URL path [/**] onto handler of type [class org.springframework.web.servlet.resource.ResourceHttpRequestHandler]
2018-03-07 00:21:28.150 [main] INFO  o.s.w.s.m.m.a.ExceptionHandlerExceptionResolver - Detected @ExceptionHandler methods in controllerExcepitonHandler
2018-03-07 00:21:28.190 [main] INFO  o.s.w.s.h.SimpleUrlHandlerMapping - Mapped URL path [/**/favicon.ico] onto handler of type [class org.springframework.web.servlet.resource.ResourceHttpRequestHandler]
2018-03-07 00:21:28.705 [main] INFO  xyz.nesting.quick.ApplicationTests - Started ApplicationTests in 5.178 seconds (JVM running for 6.372)
2018-03-07 00:21:28.918 [Thread-2] INFO  o.s.w.c.s.GenericWebApplicationContext - Closing org.springframework.web.context.support.GenericWebApplicationContext@74e28667: startup date [Wed Mar 07 00:21:24 CST 2018]; root of context hierarchy
2018-03-07 00:21:28.923 [Thread-2] INFO  o.s.s.c.ThreadPoolTaskExecutor - Shutting down ExecutorService 'taskExecutor'
2018-03-07 00:21:28.925 [Thread-2] INFO  org.mongodb.driver.connection - Closed connection [connectionId{localValue:2, serverValue:122}] to localhost:27017 because the pool has been closed.
2018-03-07 00:21:50.501 [main] INFO  xyz.nesting.quick.Application - Starting Application on zhengyuedeMacBook-Pro.local with PID 72014 (/Users/workspace/springboot_quick/target/classes started by zhengyue in /Users/workspace/springboot_quick)
2018-03-07 00:21:50.506 [main] DEBUG xyz.nesting.quick.Application - Running with Spring Boot v1.5.9.RELEASE, Spring v4.3.13.RELEASE
2018-03-07 00:21:50.506 [main] INFO  xyz.nesting.quick.Application - The following profiles are active: dev
2018-03-07 00:21:50.608 [main] INFO  o.s.b.c.e.AnnotationConfigEmbeddedWebApplicationContext - Refreshing org.springframework.boot.context.embedded.AnnotationConfigEmbeddedWebApplicationContext@5276e6b0: startup date [Wed Mar 07 00:21:50 CST 2018]; root of context hierarchy
2018-03-07 00:21:50.638 [background-preinit] INFO  o.h.validator.internal.util.Version - HV000001: Hibernate Validator 5.3.6.Final
2018-03-07 00:21:51.600 [main] INFO  o.s.d.r.c.RepositoryConfigurationDelegate - Multiple Spring Data modules found, entering strict repository configuration mode!
2018-03-07 00:21:51.640 [main] INFO  o.s.d.r.c.RepositoryConfigurationDelegate - Multiple Spring Data modules found, entering strict repository configuration mode!
2018-03-07 00:21:52.624 [main] INFO  org.eclipse.jetty.util.log - Logging initialized @3367ms to org.eclipse.jetty.util.log.Slf4jLog
2018-03-07 00:21:52.868 [main] INFO  o.s.b.c.e.j.JettyEmbeddedServletContainerFactory - Server initialized with port: 8019
2018-03-07 00:21:52.872 [main] INFO  org.eclipse.jetty.server.Server - jetty-9.4.7.v20170914
2018-03-07 00:21:53.124 [main] INFO  org.eclipse.jetty.server.session - DefaultSessionIdManager workerName=node0
2018-03-07 00:21:53.126 [main] INFO  org.eclipse.jetty.server.session - No SessionScavenger set, using defaults
2018-03-07 00:21:53.132 [main] INFO  org.eclipse.jetty.server.session - Scavenging every 660000ms
2018-03-07 00:21:53.147 [main] INFO  o.e.j.s.h.ContextHandler.application - Initializing Spring embedded WebApplicationContext
2018-03-07 00:21:53.148 [main] INFO  o.s.web.context.ContextLoader - Root WebApplicationContext: initialization completed in 2540 ms
2018-03-07 00:21:53.437 [main] INFO  o.s.b.w.s.ServletRegistrationBean - Mapping servlet: 'dispatcherServlet' to [/]
2018-03-07 00:21:53.449 [main] INFO  o.s.b.w.s.FilterRegistrationBean - Mapping filter: 'characterEncodingFilter' to: [/*]
2018-03-07 00:21:53.450 [main] INFO  o.s.b.w.s.FilterRegistrationBean - Mapping filter: 'hiddenHttpMethodFilter' to: [/*]
2018-03-07 00:21:53.453 [main] INFO  o.s.b.w.s.FilterRegistrationBean - Mapping filter: 'httpPutFormContentFilter' to: [/*]
2018-03-07 00:21:53.455 [main] INFO  o.s.b.w.s.FilterRegistrationBean - Mapping filter: 'requestContextFilter' to: [/*]
2018-03-07 00:21:53.472 [main] INFO  o.e.j.server.handler.ContextHandler - Started o.s.b.c.e.j.JettyEmbeddedWebAppContext@732bb66d{/,[file:///private/var/folders/58/q058b6vd4kv67l8xg8xnbvph0000gn/T/jetty-docbase.1472914671479997432.8019/],AVAILABLE}
2018-03-07 00:21:53.473 [main] INFO  org.eclipse.jetty.server.Server - Started @4216ms
2018-03-07 00:21:54.028 [main] INFO  org.mongodb.driver.cluster - Cluster created with settings {hosts=[localhost:27017], mode=MULTIPLE, requiredClusterType=UNKNOWN, serverSelectionTimeout='30000 ms', maxWaitQueueSize=500}
2018-03-07 00:21:54.029 [main] INFO  org.mongodb.driver.cluster - Adding discovered server localhost:27017 to client view of cluster
2018-03-07 00:21:54.119 [cluster-ClusterId{value='5a9ec022519d5f194e13184c', description='null'}-localhost:27017] INFO  org.mongodb.driver.connection - Opened connection [connectionId{localValue:1, serverValue:123}] to localhost:27017
2018-03-07 00:21:54.129 [cluster-ClusterId{value='5a9ec022519d5f194e13184c', description='null'}-localhost:27017] INFO  org.mongodb.driver.cluster - Monitor thread successfully connected to server with description ServerDescription{address=localhost:27017, type=STANDALONE, state=CONNECTED, ok=true, version=ServerVersion{versionList=[3, 4, 9]}, minWireVersion=0, maxWireVersion=5, maxDocumentSize=16777216, roundTripTimeNanos=7332863}
2018-03-07 00:21:54.130 [cluster-ClusterId{value='5a9ec022519d5f194e13184c', description='null'}-localhost:27017] INFO  org.mongodb.driver.cluster - Discovered cluster type of STANDALONE
2018-03-07 00:21:54.430 [main] INFO  org.mongodb.driver.connection - Opened connection [connectionId{localValue:2, serverValue:124}] to localhost:27017
2018-03-07 00:21:54.629 [main] INFO  o.s.s.c.ThreadPoolTaskExecutor - Initializing ExecutorService  'taskExecutor'
2018-03-07 00:21:55.052 [main] INFO  o.s.w.s.m.m.a.RequestMappingHandlerAdapter - Looking for @ControllerAdvice: org.springframework.boot.context.embedded.AnnotationConfigEmbeddedWebApplicationContext@5276e6b0: startup date [Wed Mar 07 00:21:50 CST 2018]; root of context hierarchy
2018-03-07 00:21:55.241 [main] INFO  o.s.w.s.m.m.a.RequestMappingHandlerMapping - Mapped "{[/api/auth/individual],methods=[GET]}" onto public xyz.nesting.quick.util.ZcApiResponse xyz.nesting.quick.controller.api.AuthController.get()
2018-03-07 00:21:55.242 [main] INFO  o.s.w.s.m.m.a.RequestMappingHandlerMapping - Mapped "{[/api/auth/individual],methods=[POST]}" onto public xyz.nesting.quick.util.ZcApiResponse xyz.nesting.quick.controller.api.AuthController.auth(xyz.nesting.quick.protocol.req.AuthIndividualReq)
2018-03-07 00:21:55.245 [main] INFO  o.s.w.s.m.m.a.RequestMappingHandlerMapping - Mapped "{[/api/user],methods=[POST]}" onto public xyz.nesting.quick.util.ZcApiResponse xyz.nesting.quick.controller.api.UserController.add(xyz.nesting.quick.protocol.req.UserReq)
2018-03-07 00:21:55.247 [main] INFO  o.s.w.s.m.m.a.RequestMappingHandlerMapping - Mapped "{[/api/user],methods=[GET]}" onto public xyz.nesting.quick.util.ZcApiResponse xyz.nesting.quick.controller.api.UserController.get()
2018-03-07 00:21:55.248 [main] INFO  o.s.w.s.m.m.a.RequestMappingHandlerMapping - Mapped "{[/api/user/test],methods=[POST]}" onto public xyz.nesting.quick.util.ZcApiResponse xyz.nesting.quick.controller.api.UserController.test()
2018-03-07 00:21:55.249 [main] INFO  o.s.w.s.m.m.a.RequestMappingHandlerMapping - Mapped "{[/api/user/profile],methods=[PUT]}" onto public xyz.nesting.quick.util.ZcApiResponse xyz.nesting.quick.controller.api.UserController.updateProfile(xyz.nesting.quick.protocol.req.UserProfileReq)
2018-03-07 00:21:55.250 [main] INFO  o.s.w.s.m.m.a.RequestMappingHandlerMapping - Mapped "{[/api/user/image],methods=[PUT]}" onto public xyz.nesting.quick.util.ZcApiResponse xyz.nesting.quick.controller.api.UserController.updateImage(xyz.nesting.quick.protocol.req.UserImageReq)
2018-03-07 00:21:55.253 [main] INFO  o.s.w.s.m.m.a.RequestMappingHandlerMapping - Mapped "{[/public/test],methods=[GET]}" onto public xyz.nesting.quick.util.ZcApiResponse xyz.nesting.quick.controller.pub.PubController.test(java.lang.String)
2018-03-07 00:21:55.256 [main] INFO  o.s.w.s.m.m.a.RequestMappingHandlerMapping - Mapped "{[/error]}" onto public org.springframework.http.ResponseEntity<java.util.Map<java.lang.String, java.lang.Object>> org.springframework.boot.autoconfigure.web.BasicErrorController.error(javax.servlet.http.HttpServletRequest)
2018-03-07 00:21:55.258 [main] INFO  o.s.w.s.m.m.a.RequestMappingHandlerMapping - Mapped "{[/error],produces=[text/html]}" onto public org.springframework.web.servlet.ModelAndView org.springframework.boot.autoconfigure.web.BasicErrorController.errorHtml(javax.servlet.http.HttpServletRequest,javax.servlet.http.HttpServletResponse)
2018-03-07 00:21:55.303 [main] INFO  o.s.w.s.h.SimpleUrlHandlerMapping - Mapped URL path [/webjars/**] onto handler of type [class org.springframework.web.servlet.resource.ResourceHttpRequestHandler]
2018-03-07 00:21:55.303 [main] INFO  o.s.w.s.h.SimpleUrlHandlerMapping - Mapped URL path [/**] onto handler of type [class org.springframework.web.servlet.resource.ResourceHttpRequestHandler]
2018-03-07 00:21:55.324 [main] INFO  o.s.w.s.m.m.a.ExceptionHandlerExceptionResolver - Detected @ExceptionHandler methods in controllerExcepitonHandler
2018-03-07 00:21:55.360 [main] INFO  o.s.w.s.h.SimpleUrlHandlerMapping - Mapped URL path [/**/favicon.ico] onto handler of type [class org.springframework.web.servlet.resource.ResourceHttpRequestHandler]
2018-03-07 00:21:55.703 [main] INFO  o.s.j.e.a.AnnotationMBeanExporter - Registering beans for JMX exposure on startup
2018-03-07 00:21:55.727 [main] INFO  o.e.j.s.h.ContextHandler.application - Initializing Spring FrameworkServlet 'dispatcherServlet'
2018-03-07 00:21:55.727 [main] INFO  o.s.web.servlet.DispatcherServlet - FrameworkServlet 'dispatcherServlet': initialization started
2018-03-07 00:21:55.744 [main] INFO  o.s.web.servlet.DispatcherServlet - FrameworkServlet 'dispatcherServlet': initialization completed in 17 ms
2018-03-07 00:21:55.796 [main] INFO  o.e.jetty.server.AbstractConnector - Started ServerConnector@720653c2{HTTP/1.1,[http/1.1]}{0.0.0.0:8019}
2018-03-07 00:21:55.799 [main] INFO  o.s.b.c.e.j.JettyEmbeddedServletContainer - Jetty started on port(s) 8019 (http/1.1)
2018-03-07 00:21:55.805 [main] INFO  xyz.nesting.quick.Application - Started Application in 5.809 seconds (JVM running for 6.549)
2018-03-07 00:22:02.682 [Thread-11] INFO  o.s.b.c.e.AnnotationConfigEmbeddedWebApplicationContext - Closing org.springframework.boot.context.embedded.AnnotationConfigEmbeddedWebApplicationContext@5276e6b0: startup date [Wed Mar 07 00:21:50 CST 2018]; root of context hierarchy
2018-03-07 00:22:02.684 [Thread-11] INFO  o.s.j.e.a.AnnotationMBeanExporter - Unregistering JMX-exposed beans on shutdown
2018-03-07 00:22:02.685 [Thread-11] INFO  o.s.s.c.ThreadPoolTaskExecutor - Shutting down ExecutorService 'taskExecutor'
2018-03-07 00:22:02.688 [Thread-11] INFO  org.mongodb.driver.connection - Closed connection [connectionId{localValue:2, serverValue:124}] to localhost:27017 because the pool has been closed.
2018-03-07 00:22:02.706 [Thread-11] INFO  o.e.jetty.server.AbstractConnector - Stopped ServerConnector@720653c2{HTTP/1.1,[http/1.1]}{0.0.0.0:8019}
2018-03-07 00:22:02.707 [Thread-11] INFO  org.eclipse.jetty.server.session - Stopped scavenging
2018-03-07 00:22:02.710 [Thread-11] INFO  o.e.j.s.h.ContextHandler.application - Destroying Spring FrameworkServlet 'dispatcherServlet'
2018-03-07 00:22:02.711 [Thread-11] INFO  o.e.j.server.handler.ContextHandler - Stopped o.s.b.c.e.j.JettyEmbeddedWebAppContext@732bb66d{/,[file:///private/var/folders/58/q058b6vd4kv67l8xg8xnbvph0000gn/T/jetty-docbase.1472914671479997432.8019/],UNAVAILABLE}
2018-03-07 00:22:17.800 [main] INFO  o.s.b.t.c.SpringBootTestContextBootstrapper - Neither @ContextConfiguration nor @ContextHierarchy found for test class [xyz.nesting.quick.ApplicationTests], using SpringBootContextLoader
2018-03-07 00:22:17.810 [main] INFO  o.s.t.c.s.AbstractContextLoader - Could not detect default resource locations for test class [xyz.nesting.quick.ApplicationTests]: no resource found for suffixes {-context.xml, Context.groovy}.
2018-03-07 00:22:17.813 [main] INFO  o.s.t.c.s.AnnotationConfigContextLoaderUtils - Could not detect default configuration classes for test class [xyz.nesting.quick.ApplicationTests]: ApplicationTests does not declare any static, non-private, non-final, nested classes annotated with @Configuration.
2018-03-07 00:22:17.956 [main] INFO  o.s.b.t.c.SpringBootTestContextBootstrapper - Found @SpringBootConfiguration xyz.nesting.quick.Application for test class xyz.nesting.quick.ApplicationTests
2018-03-07 00:22:17.969 [main] INFO  o.s.b.t.c.SpringBootTestContextBootstrapper - Loaded default TestExecutionListener class names from location [META-INF/spring.factories]: [org.springframework.boot.test.mock.mockito.MockitoTestExecutionListener, org.springframework.boot.test.mock.mockito.ResetMocksTestExecutionListener, org.springframework.boot.test.autoconfigure.restdocs.RestDocsTestExecutionListener, org.springframework.boot.test.autoconfigure.web.client.MockRestServiceServerResetTestExecutionListener, org.springframework.boot.test.autoconfigure.web.servlet.MockMvcPrintOnlyOnFailureTestExecutionListener, org.springframework.boot.test.autoconfigure.web.servlet.WebDriverTestExecutionListener, org.springframework.test.context.web.ServletTestExecutionListener, org.springframework.test.context.support.DirtiesContextBeforeModesTestExecutionListener, org.springframework.test.context.support.DependencyInjectionTestExecutionListener, org.springframework.test.context.support.DirtiesContextTestExecutionListener, org.springframework.test.context.transaction.TransactionalTestExecutionListener, org.springframework.test.context.jdbc.SqlScriptsTestExecutionListener]
2018-03-07 00:22:18.013 [main] INFO  o.s.b.t.c.SpringBootTestContextBootstrapper - Using TestExecutionListeners: [org.springframework.test.context.web.ServletTestExecutionListener@63021689, org.springframework.test.context.support.DirtiesContextBeforeModesTestExecutionListener@703580bf, org.springframework.boot.test.autoconfigure.SpringBootDependencyInjectionTestExecutionListener@3e92efc3, org.springframework.test.context.support.DirtiesContextTestExecutionListener@1622f1b, org.springframework.test.context.transaction.TransactionalTestExecutionListener@72a7c7e0, org.springframework.test.context.jdbc.SqlScriptsTestExecutionListener@2e4b8173, org.springframework.boot.test.autoconfigure.web.client.MockRestServiceServerResetTestExecutionListener@70e8f8e, org.springframework.boot.test.autoconfigure.web.servlet.WebDriverTestExecutionListener@17046283, org.springframework.boot.test.autoconfigure.restdocs.RestDocsTestExecutionListener@5bd03f44, org.springframework.boot.test.autoconfigure.web.servlet.MockMvcPrintOnlyOnFailureTestExecutionListener@29626d54, org.springframework.boot.test.mock.mockito.ResetMocksTestExecutionListener@5a63f509, org.springframework.boot.test.mock.mockito.MockitoTestExecutionListener@6e4784bc]
2018-03-07 00:22:18.018 [main] INFO  o.s.b.t.c.SpringBootTestContextBootstrapper - Neither @ContextConfiguration nor @ContextHierarchy found for test class [xyz.nesting.quick.ApplicationTests], using SpringBootContextLoader
2018-03-07 00:22:18.019 [main] INFO  o.s.t.c.s.AbstractContextLoader - Could not detect default resource locations for test class [xyz.nesting.quick.ApplicationTests]: no resource found for suffixes {-context.xml, Context.groovy}.
2018-03-07 00:22:18.020 [main] INFO  o.s.t.c.s.AnnotationConfigContextLoaderUtils - Could not detect default configuration classes for test class [xyz.nesting.quick.ApplicationTests]: ApplicationTests does not declare any static, non-private, non-final, nested classes annotated with @Configuration.
2018-03-07 00:22:18.030 [main] INFO  o.s.b.t.c.SpringBootTestContextBootstrapper - Found @SpringBootConfiguration xyz.nesting.quick.Application for test class xyz.nesting.quick.ApplicationTests
2018-03-07 00:22:18.037 [main] INFO  o.s.b.t.c.SpringBootTestContextBootstrapper - Loaded default TestExecutionListener class names from location [META-INF/spring.factories]: [org.springframework.boot.test.mock.mockito.MockitoTestExecutionListener, org.springframework.boot.test.mock.mockito.ResetMocksTestExecutionListener, org.springframework.boot.test.autoconfigure.restdocs.RestDocsTestExecutionListener, org.springframework.boot.test.autoconfigure.web.client.MockRestServiceServerResetTestExecutionListener, org.springframework.boot.test.autoconfigure.web.servlet.MockMvcPrintOnlyOnFailureTestExecutionListener, org.springframework.boot.test.autoconfigure.web.servlet.WebDriverTestExecutionListener, org.springframework.test.context.web.ServletTestExecutionListener, org.springframework.test.context.support.DirtiesContextBeforeModesTestExecutionListener, org.springframework.test.context.support.DependencyInjectionTestExecutionListener, org.springframework.test.context.support.DirtiesContextTestExecutionListener, org.springframework.test.context.transaction.TransactionalTestExecutionListener, org.springframework.test.context.jdbc.SqlScriptsTestExecutionListener]
2018-03-07 00:22:18.041 [main] INFO  o.s.b.t.c.SpringBootTestContextBootstrapper - Using TestExecutionListeners: [org.springframework.test.context.web.ServletTestExecutionListener@7334aada, org.springframework.test.context.support.DirtiesContextBeforeModesTestExecutionListener@1d9b7cce, org.springframework.boot.test.autoconfigure.SpringBootDependencyInjectionTestExecutionListener@4d9e68d0, org.springframework.test.context.support.DirtiesContextTestExecutionListener@42e99e4a, org.springframework.test.context.transaction.TransactionalTestExecutionListener@14dd9eb7, org.springframework.test.context.jdbc.SqlScriptsTestExecutionListener@52e6fdee, org.springframework.boot.test.autoconfigure.web.client.MockRestServiceServerResetTestExecutionListener@6c80d78a, org.springframework.boot.test.autoconfigure.web.servlet.WebDriverTestExecutionListener@62150f9e, org.springframework.boot.test.autoconfigure.restdocs.RestDocsTestExecutionListener@1a451d4d, org.springframework.boot.test.autoconfigure.web.servlet.MockMvcPrintOnlyOnFailureTestExecutionListener@7fa98a66, org.springframework.boot.test.mock.mockito.ResetMocksTestExecutionListener@15ff3e9e, org.springframework.boot.test.mock.mockito.MockitoTestExecutionListener@5fdcaa40]
2018-03-07 00:22:18.512 [main] INFO  xyz.nesting.quick.ApplicationTests - Starting ApplicationTests on zhengyuedeMacBook-Pro.local with PID 72035 (started by zhengyue in /Users/workspace/springboot_quick)
2018-03-07 00:22:18.513 [main] DEBUG xyz.nesting.quick.ApplicationTests - Running with Spring Boot v1.5.9.RELEASE, Spring v4.3.13.RELEASE
2018-03-07 00:22:18.515 [main] INFO  xyz.nesting.quick.ApplicationTests - The following profiles are active: dev
2018-03-07 00:22:18.586 [main] INFO  o.s.w.c.s.GenericWebApplicationContext - Refreshing org.springframework.web.context.support.GenericWebApplicationContext@74e28667: startup date [Wed Mar 07 00:22:18 CST 2018]; root of context hierarchy
2018-03-07 00:22:18.705 [background-preinit] INFO  o.h.validator.internal.util.Version - HV000001: Hibernate Validator 5.3.6.Final
2018-03-07 00:22:19.458 [main] INFO  o.s.d.r.c.RepositoryConfigurationDelegate - Multiple Spring Data modules found, entering strict repository configuration mode!
2018-03-07 00:22:19.500 [main] INFO  o.s.d.r.c.RepositoryConfigurationDelegate - Multiple Spring Data modules found, entering strict repository configuration mode!
2018-03-07 00:22:20.809 [main] INFO  org.mongodb.driver.cluster - Cluster created with settings {hosts=[localhost:27017], mode=MULTIPLE, requiredClusterType=UNKNOWN, serverSelectionTimeout='30000 ms', maxWaitQueueSize=500}
2018-03-07 00:22:20.810 [main] INFO  org.mongodb.driver.cluster - Adding discovered server localhost:27017 to client view of cluster
2018-03-07 00:22:20.896 [cluster-ClusterId{value='5a9ec03c519d5f1963a80a9d', description='null'}-localhost:27017] INFO  org.mongodb.driver.connection - Opened connection [connectionId{localValue:1, serverValue:125}] to localhost:27017
2018-03-07 00:22:20.908 [cluster-ClusterId{value='5a9ec03c519d5f1963a80a9d', description='null'}-localhost:27017] INFO  org.mongodb.driver.cluster - Monitor thread successfully connected to server with description ServerDescription{address=localhost:27017, type=STANDALONE, state=CONNECTED, ok=true, version=ServerVersion{versionList=[3, 4, 9]}, minWireVersion=0, maxWireVersion=5, maxDocumentSize=16777216, roundTripTimeNanos=9613193}
2018-03-07 00:22:20.910 [cluster-ClusterId{value='5a9ec03c519d5f1963a80a9d', description='null'}-localhost:27017] INFO  org.mongodb.driver.cluster - Discovered cluster type of STANDALONE
2018-03-07 00:22:21.156 [main] INFO  org.mongodb.driver.connection - Opened connection [connectionId{localValue:2, serverValue:126}] to localhost:27017
2018-03-07 00:22:21.294 [main] INFO  o.s.s.c.ThreadPoolTaskExecutor - Initializing ExecutorService  'taskExecutor'
2018-03-07 00:22:21.962 [main] INFO  o.s.w.s.m.m.a.RequestMappingHandlerAdapter - Looking for @ControllerAdvice: org.springframework.web.context.support.GenericWebApplicationContext@74e28667: startup date [Wed Mar 07 00:22:18 CST 2018]; root of context hierarchy
2018-03-07 00:22:22.057 [main] INFO  o.s.w.s.m.m.a.RequestMappingHandlerMapping - Mapped "{[/api/auth/individual],methods=[GET]}" onto public xyz.nesting.quick.util.ZcApiResponse xyz.nesting.quick.controller.api.AuthController.get()
2018-03-07 00:22:22.059 [main] INFO  o.s.w.s.m.m.a.RequestMappingHandlerMapping - Mapped "{[/api/auth/individual],methods=[POST]}" onto public xyz.nesting.quick.util.ZcApiResponse xyz.nesting.quick.controller.api.AuthController.auth(xyz.nesting.quick.protocol.req.AuthIndividualReq)
2018-03-07 00:22:22.064 [main] INFO  o.s.w.s.m.m.a.RequestMappingHandlerMapping - Mapped "{[/api/user],methods=[POST]}" onto public xyz.nesting.quick.util.ZcApiResponse xyz.nesting.quick.controller.api.UserController.add(xyz.nesting.quick.protocol.req.UserReq)
2018-03-07 00:22:22.065 [main] INFO  o.s.w.s.m.m.a.RequestMappingHandlerMapping - Mapped "{[/api/user],methods=[GET]}" onto public xyz.nesting.quick.util.ZcApiResponse xyz.nesting.quick.controller.api.UserController.get()
2018-03-07 00:22:22.067 [main] INFO  o.s.w.s.m.m.a.RequestMappingHandlerMapping - Mapped "{[/api/user/test],methods=[POST]}" onto public xyz.nesting.quick.util.ZcApiResponse xyz.nesting.quick.controller.api.UserController.test()
2018-03-07 00:22:22.068 [main] INFO  o.s.w.s.m.m.a.RequestMappingHandlerMapping - Mapped "{[/api/user/profile],methods=[PUT]}" onto public xyz.nesting.quick.util.ZcApiResponse xyz.nesting.quick.controller.api.UserController.updateProfile(xyz.nesting.quick.protocol.req.UserProfileReq)
2018-03-07 00:22:22.069 [main] INFO  o.s.w.s.m.m.a.RequestMappingHandlerMapping - Mapped "{[/api/user/image],methods=[PUT]}" onto public xyz.nesting.quick.util.ZcApiResponse xyz.nesting.quick.controller.api.UserController.updateImage(xyz.nesting.quick.protocol.req.UserImageReq)
2018-03-07 00:22:22.070 [main] INFO  o.s.w.s.m.m.a.RequestMappingHandlerMapping - Mapped "{[/public/test],methods=[GET]}" onto public xyz.nesting.quick.util.ZcApiResponse xyz.nesting.quick.controller.pub.PubController.test(java.lang.String)
2018-03-07 00:22:22.073 [main] INFO  o.s.w.s.m.m.a.RequestMappingHandlerMapping - Mapped "{[/error]}" onto public org.springframework.http.ResponseEntity<java.util.Map<java.lang.String, java.lang.Object>> org.springframework.boot.autoconfigure.web.BasicErrorController.error(javax.servlet.http.HttpServletRequest)
2018-03-07 00:22:22.073 [main] INFO  o.s.w.s.m.m.a.RequestMappingHandlerMapping - Mapped "{[/error],produces=[text/html]}" onto public org.springframework.web.servlet.ModelAndView org.springframework.boot.autoconfigure.web.BasicErrorController.errorHtml(javax.servlet.http.HttpServletRequest,javax.servlet.http.HttpServletResponse)
2018-03-07 00:22:22.137 [main] INFO  o.s.w.s.h.SimpleUrlHandlerMapping - Mapped URL path [/webjars/**] onto handler of type [class org.springframework.web.servlet.resource.ResourceHttpRequestHandler]
2018-03-07 00:22:22.137 [main] INFO  o.s.w.s.h.SimpleUrlHandlerMapping - Mapped URL path [/**] onto handler of type [class org.springframework.web.servlet.resource.ResourceHttpRequestHandler]
2018-03-07 00:22:22.172 [main] INFO  o.s.w.s.m.m.a.ExceptionHandlerExceptionResolver - Detected @ExceptionHandler methods in controllerExcepitonHandler
2018-03-07 00:22:22.215 [main] INFO  o.s.w.s.h.SimpleUrlHandlerMapping - Mapped URL path [/**/favicon.ico] onto handler of type [class org.springframework.web.servlet.resource.ResourceHttpRequestHandler]
2018-03-07 00:22:22.626 [main] INFO  xyz.nesting.quick.ApplicationTests - Started ApplicationTests in 4.493 seconds (JVM running for 5.568)
2018-03-07 00:22:22.801 [Thread-2] INFO  o.s.w.c.s.GenericWebApplicationContext - Closing org.springframework.web.context.support.GenericWebApplicationContext@74e28667: startup date [Wed Mar 07 00:22:18 CST 2018]; root of context hierarchy
2018-03-07 00:22:22.807 [Thread-2] INFO  o.s.s.c.ThreadPoolTaskExecutor - Shutting down ExecutorService 'taskExecutor'
2018-03-07 00:22:22.810 [Thread-2] INFO  org.mongodb.driver.connection - Closed connection [connectionId{localValue:2, serverValue:126}] to localhost:27017 because the pool has been closed.
2018-03-07 00:23:22.145 [main] INFO  xyz.nesting.quick.Application - Starting Application on zhengyuedeMacBook-Pro.local with PID 72060 (/Users/workspace/springboot_quick/target/classes started by zhengyue in /Users/workspace/springboot_quick)
2018-03-07 00:23:22.149 [main] DEBUG xyz.nesting.quick.Application - Running with Spring Boot v1.5.9.RELEASE, Spring v4.3.13.RELEASE
2018-03-07 00:23:22.149 [main] INFO  xyz.nesting.quick.Application - The following profiles are active: dev
2018-03-07 00:23:22.252 [background-preinit] INFO  o.h.validator.internal.util.Version - HV000001: Hibernate Validator 5.3.6.Final
2018-03-07 00:23:22.314 [main] INFO  o.s.b.c.e.AnnotationConfigEmbeddedWebApplicationContext - Refreshing org.springframework.boot.context.embedded.AnnotationConfigEmbeddedWebApplicationContext@5276e6b0: startup date [Wed Mar 07 00:23:22 CST 2018]; root of context hierarchy
2018-03-07 00:23:23.320 [main] INFO  o.s.d.r.c.RepositoryConfigurationDelegate - Multiple Spring Data modules found, entering strict repository configuration mode!
2018-03-07 00:23:23.387 [main] INFO  o.s.d.r.c.RepositoryConfigurationDelegate - Multiple Spring Data modules found, entering strict repository configuration mode!
2018-03-07 00:23:24.488 [main] INFO  org.eclipse.jetty.util.log - Logging initialized @4198ms to org.eclipse.jetty.util.log.Slf4jLog
2018-03-07 00:23:24.653 [main] INFO  o.s.b.c.e.j.JettyEmbeddedServletContainerFactory - Server initialized with port: 8019
2018-03-07 00:23:24.658 [main] INFO  org.eclipse.jetty.server.Server - jetty-9.4.7.v20170914
2018-03-07 00:23:24.853 [main] INFO  org.eclipse.jetty.server.session - DefaultSessionIdManager workerName=node0
2018-03-07 00:23:24.853 [main] INFO  org.eclipse.jetty.server.session - No SessionScavenger set, using defaults
2018-03-07 00:23:24.857 [main] INFO  org.eclipse.jetty.server.session - Scavenging every 600000ms
2018-03-07 00:23:24.868 [main] INFO  o.e.j.s.h.ContextHandler.application - Initializing Spring embedded WebApplicationContext
2018-03-07 00:23:24.869 [main] INFO  o.s.web.context.ContextLoader - Root WebApplicationContext: initialization completed in 2555 ms
2018-03-07 00:23:25.089 [main] INFO  o.s.b.w.s.ServletRegistrationBean - Mapping servlet: 'dispatcherServlet' to [/]
2018-03-07 00:23:25.092 [main] INFO  o.s.b.w.s.FilterRegistrationBean - Mapping filter: 'characterEncodingFilter' to: [/*]
2018-03-07 00:23:25.093 [main] INFO  o.s.b.w.s.FilterRegistrationBean - Mapping filter: 'hiddenHttpMethodFilter' to: [/*]
2018-03-07 00:23:25.094 [main] INFO  o.s.b.w.s.FilterRegistrationBean - Mapping filter: 'httpPutFormContentFilter' to: [/*]
2018-03-07 00:23:25.094 [main] INFO  o.s.b.w.s.FilterRegistrationBean - Mapping filter: 'requestContextFilter' to: [/*]
2018-03-07 00:23:25.100 [main] INFO  o.e.j.server.handler.ContextHandler - Started o.s.b.c.e.j.JettyEmbeddedWebAppContext@726a6b94{/,[file:///private/var/folders/58/q058b6vd4kv67l8xg8xnbvph0000gn/T/jetty-docbase.6281278983997418045.8019/],AVAILABLE}
2018-03-07 00:23:25.101 [main] INFO  org.eclipse.jetty.server.Server - Started @4811ms
2018-03-07 00:23:25.652 [main] INFO  org.mongodb.driver.cluster - Cluster created with settings {hosts=[localhost:27017], mode=MULTIPLE, requiredClusterType=UNKNOWN, serverSelectionTimeout='30000 ms', maxWaitQueueSize=500}
2018-03-07 00:23:25.653 [main] INFO  org.mongodb.driver.cluster - Adding discovered server localhost:27017 to client view of cluster
2018-03-07 00:23:25.736 [cluster-ClusterId{value='5a9ec07d519d5f197cb305a9', description='null'}-localhost:27017] INFO  org.mongodb.driver.connection - Opened connection [connectionId{localValue:1, serverValue:127}] to localhost:27017
2018-03-07 00:23:25.739 [cluster-ClusterId{value='5a9ec07d519d5f197cb305a9', description='null'}-localhost:27017] INFO  org.mongodb.driver.cluster - Monitor thread successfully connected to server with description ServerDescription{address=localhost:27017, type=STANDALONE, state=CONNECTED, ok=true, version=ServerVersion{versionList=[3, 4, 9]}, minWireVersion=0, maxWireVersion=5, maxDocumentSize=16777216, roundTripTimeNanos=814458}
2018-03-07 00:23:25.741 [cluster-ClusterId{value='5a9ec07d519d5f197cb305a9', description='null'}-localhost:27017] INFO  org.mongodb.driver.cluster - Discovered cluster type of STANDALONE
2018-03-07 00:23:26.030 [main] INFO  org.mongodb.driver.connection - Opened connection [connectionId{localValue:2, serverValue:128}] to localhost:27017
2018-03-07 00:23:26.143 [main] INFO  o.s.s.c.ThreadPoolTaskExecutor - Initializing ExecutorService  'taskExecutor'
2018-03-07 00:23:26.533 [main] INFO  o.s.w.s.m.m.a.RequestMappingHandlerAdapter - Looking for @ControllerAdvice: org.springframework.boot.context.embedded.AnnotationConfigEmbeddedWebApplicationContext@5276e6b0: startup date [Wed Mar 07 00:23:22 CST 2018]; root of context hierarchy
2018-03-07 00:23:26.764 [main] INFO  o.s.w.s.m.m.a.RequestMappingHandlerMapping - Mapped "{[/api/auth/individual],methods=[GET]}" onto public xyz.nesting.quick.util.ZcApiResponse xyz.nesting.quick.controller.api.AuthController.get()
2018-03-07 00:23:26.765 [main] INFO  o.s.w.s.m.m.a.RequestMappingHandlerMapping - Mapped "{[/api/auth/individual],methods=[POST]}" onto public xyz.nesting.quick.util.ZcApiResponse xyz.nesting.quick.controller.api.AuthController.auth(xyz.nesting.quick.protocol.req.AuthIndividualReq)
2018-03-07 00:23:26.768 [main] INFO  o.s.w.s.m.m.a.RequestMappingHandlerMapping - Mapped "{[/api/user],methods=[POST]}" onto public xyz.nesting.quick.util.ZcApiResponse xyz.nesting.quick.controller.api.UserController.add(xyz.nesting.quick.protocol.req.UserReq)
2018-03-07 00:23:26.769 [main] INFO  o.s.w.s.m.m.a.RequestMappingHandlerMapping - Mapped "{[/api/user],methods=[GET]}" onto public xyz.nesting.quick.util.ZcApiResponse xyz.nesting.quick.controller.api.UserController.get()
2018-03-07 00:23:26.770 [main] INFO  o.s.w.s.m.m.a.RequestMappingHandlerMapping - Mapped "{[/api/user/test],methods=[POST]}" onto public xyz.nesting.quick.util.ZcApiResponse xyz.nesting.quick.controller.api.UserController.test()
2018-03-07 00:23:26.771 [main] INFO  o.s.w.s.m.m.a.RequestMappingHandlerMapping - Mapped "{[/api/user/profile],methods=[PUT]}" onto public xyz.nesting.quick.util.ZcApiResponse xyz.nesting.quick.controller.api.UserController.updateProfile(xyz.nesting.quick.protocol.req.UserProfileReq)
2018-03-07 00:23:26.772 [main] INFO  o.s.w.s.m.m.a.RequestMappingHandlerMapping - Mapped "{[/api/user/image],methods=[PUT]}" onto public xyz.nesting.quick.util.ZcApiResponse xyz.nesting.quick.controller.api.UserController.updateImage(xyz.nesting.quick.protocol.req.UserImageReq)
2018-03-07 00:23:26.775 [main] INFO  o.s.w.s.m.m.a.RequestMappingHandlerMapping - Mapped "{[/public/test],methods=[GET]}" onto public xyz.nesting.quick.util.ZcApiResponse xyz.nesting.quick.controller.pub.PubController.test(java.lang.String)
2018-03-07 00:23:26.777 [main] INFO  o.s.w.s.m.m.a.RequestMappingHandlerMapping - Mapped "{[/error]}" onto public org.springframework.http.ResponseEntity<java.util.Map<java.lang.String, java.lang.Object>> org.springframework.boot.autoconfigure.web.BasicErrorController.error(javax.servlet.http.HttpServletRequest)
2018-03-07 00:23:26.778 [main] INFO  o.s.w.s.m.m.a.RequestMappingHandlerMapping - Mapped "{[/error],produces=[text/html]}" onto public org.springframework.web.servlet.ModelAndView org.springframework.boot.autoconfigure.web.BasicErrorController.errorHtml(javax.servlet.http.HttpServletRequest,javax.servlet.http.HttpServletResponse)
2018-03-07 00:23:26.814 [main] INFO  o.s.w.s.h.SimpleUrlHandlerMapping - Mapped URL path [/webjars/**] onto handler of type [class org.springframework.web.servlet.resource.ResourceHttpRequestHandler]
2018-03-07 00:23:26.815 [main] INFO  o.s.w.s.h.SimpleUrlHandlerMapping - Mapped URL path [/**] onto handler of type [class org.springframework.web.servlet.resource.ResourceHttpRequestHandler]
2018-03-07 00:23:26.833 [main] INFO  o.s.w.s.m.m.a.ExceptionHandlerExceptionResolver - Detected @ExceptionHandler methods in controllerExcepitonHandler
2018-03-07 00:23:26.861 [main] INFO  o.s.w.s.h.SimpleUrlHandlerMapping - Mapped URL path [/**/favicon.ico] onto handler of type [class org.springframework.web.servlet.resource.ResourceHttpRequestHandler]
2018-03-07 00:23:27.220 [main] INFO  o.s.j.e.a.AnnotationMBeanExporter - Registering beans for JMX exposure on startup
2018-03-07 00:23:27.246 [main] INFO  o.e.j.s.h.ContextHandler.application - Initializing Spring FrameworkServlet 'dispatcherServlet'
2018-03-07 00:23:27.247 [main] INFO  o.s.web.servlet.DispatcherServlet - FrameworkServlet 'dispatcherServlet': initialization started
2018-03-07 00:23:27.264 [main] INFO  o.s.web.servlet.DispatcherServlet - FrameworkServlet 'dispatcherServlet': initialization completed in 17 ms
2018-03-07 00:23:27.322 [main] INFO  o.e.jetty.server.AbstractConnector - Started ServerConnector@6ad11a56{HTTP/1.1,[http/1.1]}{0.0.0.0:8019}
2018-03-07 00:23:27.324 [main] INFO  o.s.b.c.e.j.JettyEmbeddedServletContainer - Jetty started on port(s) 8019 (http/1.1)
2018-03-07 00:23:27.331 [main] INFO  xyz.nesting.quick.Application - Started Application in 5.764 seconds (JVM running for 7.041)
2018-03-07 00:23:41.922 [qtp1989332276-15] DEBUG x.n.q.i.ApiPublicInterceptor - Request: [URL:http://localhost:8019/error, METHOD:GET]
2018-03-07 00:23:41.923 [qtp1989332276-15] DEBUG x.n.q.i.ApiAccessTokenInterceptor - Request: [access_token:null]
2018-03-07 00:23:46.805 [qtp1989332276-14] DEBUG x.n.q.i.ApiPublicInterceptor - Request: [URL:http://localhost:8019/error, METHOD:GET]
2018-03-07 00:23:46.805 [qtp1989332276-14] DEBUG x.n.q.i.ApiAccessTokenInterceptor - Request: [access_token:null]
2018-03-07 00:23:51.711 [qtp1989332276-16] DEBUG x.n.q.i.ApiPublicInterceptor - Request: [URL:http://localhost:8019/public/test, METHOD:GET]
2018-03-07 00:24:47.835 [Thread-11] INFO  o.s.b.c.e.AnnotationConfigEmbeddedWebApplicationContext - Closing org.springframework.boot.context.embedded.AnnotationConfigEmbeddedWebApplicationContext@5276e6b0: startup date [Wed Mar 07 00:23:22 CST 2018]; root of context hierarchy
2018-03-07 00:24:47.838 [Thread-11] INFO  o.s.j.e.a.AnnotationMBeanExporter - Unregistering JMX-exposed beans on shutdown
2018-03-07 00:24:47.840 [Thread-11] INFO  o.s.s.c.ThreadPoolTaskExecutor - Shutting down ExecutorService 'taskExecutor'
2018-03-07 00:24:47.842 [Thread-11] INFO  org.mongodb.driver.connection - Closed connection [connectionId{localValue:2, serverValue:128}] to localhost:27017 because the pool has been closed.
2018-03-07 00:24:47.855 [Thread-11] INFO  o.e.jetty.server.AbstractConnector - Stopped ServerConnector@6ad11a56{HTTP/1.1,[http/1.1]}{0.0.0.0:8019}
2018-03-07 00:24:47.856 [Thread-11] INFO  org.eclipse.jetty.server.session - Stopped scavenging
2018-03-07 00:24:47.860 [Thread-11] INFO  o.e.j.s.h.ContextHandler.application - Destroying Spring FrameworkServlet 'dispatcherServlet'
2018-03-07 00:24:47.861 [Thread-11] INFO  o.e.j.server.handler.ContextHandler - Stopped o.s.b.c.e.j.JettyEmbeddedWebAppContext@726a6b94{/,[file:///private/var/folders/58/q058b6vd4kv67l8xg8xnbvph0000gn/T/jetty-docbase.6281278983997418045.8019/],UNAVAILABLE}
2018-03-07 00:25:47.020 [main] INFO  xyz.nesting.quick.Application - Starting Application on zhengyuedeMacBook-Pro.local with PID 72126 (/Users/workspace/springboot_quick/target/classes started by zhengyue in /Users/workspace/springboot_quick)
2018-03-07 00:25:47.024 [main] DEBUG xyz.nesting.quick.Application - Running with Spring Boot v1.5.9.RELEASE, Spring v4.3.13.RELEASE
2018-03-07 00:25:47.025 [main] INFO  xyz.nesting.quick.Application - The following profiles are active: dev
2018-03-07 00:25:47.114 [main] INFO  o.s.b.c.e.AnnotationConfigEmbeddedWebApplicationContext - Refreshing org.springframework.boot.context.embedded.AnnotationConfigEmbeddedWebApplicationContext@5276e6b0: startup date [Wed Mar 07 00:25:47 CST 2018]; root of context hierarchy
2018-03-07 00:25:47.232 [background-preinit] INFO  o.h.validator.internal.util.Version - HV000001: Hibernate Validator 5.3.6.Final
2018-03-07 00:25:48.027 [main] INFO  o.s.d.r.c.RepositoryConfigurationDelegate - Multiple Spring Data modules found, entering strict repository configuration mode!
2018-03-07 00:25:48.068 [main] INFO  o.s.d.r.c.RepositoryConfigurationDelegate - Multiple Spring Data modules found, entering strict repository configuration mode!
2018-03-07 00:25:48.977 [main] INFO  org.eclipse.jetty.util.log - Logging initialized @3318ms to org.eclipse.jetty.util.log.Slf4jLog
2018-03-07 00:25:49.124 [main] INFO  o.s.b.c.e.j.JettyEmbeddedServletContainerFactory - Server initialized with port: 8019
2018-03-07 00:25:49.128 [main] INFO  org.eclipse.jetty.server.Server - jetty-9.4.7.v20170914
2018-03-07 00:25:49.316 [main] INFO  org.eclipse.jetty.server.session - DefaultSessionIdManager workerName=node0
2018-03-07 00:25:49.317 [main] INFO  org.eclipse.jetty.server.session - No SessionScavenger set, using defaults
2018-03-07 00:25:49.322 [main] INFO  org.eclipse.jetty.server.session - Scavenging every 600000ms
2018-03-07 00:25:49.329 [main] INFO  o.e.j.s.h.ContextHandler.application - Initializing Spring embedded WebApplicationContext
2018-03-07 00:25:49.330 [main] INFO  o.s.web.context.ContextLoader - Root WebApplicationContext: initialization completed in 2216 ms
2018-03-07 00:25:49.577 [main] INFO  o.s.b.w.s.ServletRegistrationBean - Mapping servlet: 'dispatcherServlet' to [/]
2018-03-07 00:25:49.581 [main] INFO  o.s.b.w.s.FilterRegistrationBean - Mapping filter: 'characterEncodingFilter' to: [/*]
2018-03-07 00:25:49.583 [main] INFO  o.s.b.w.s.FilterRegistrationBean - Mapping filter: 'hiddenHttpMethodFilter' to: [/*]
2018-03-07 00:25:49.583 [main] INFO  o.s.b.w.s.FilterRegistrationBean - Mapping filter: 'httpPutFormContentFilter' to: [/*]
2018-03-07 00:25:49.584 [main] INFO  o.s.b.w.s.FilterRegistrationBean - Mapping filter: 'requestContextFilter' to: [/*]
2018-03-07 00:25:49.590 [main] INFO  o.e.j.server.handler.ContextHandler - Started o.s.b.c.e.j.JettyEmbeddedWebAppContext@43b0ade{/,[file:///private/var/folders/58/q058b6vd4kv67l8xg8xnbvph0000gn/T/jetty-docbase.3378788630960983456.8019/],AVAILABLE}
2018-03-07 00:25:49.592 [main] INFO  org.eclipse.jetty.server.Server - Started @3934ms
2018-03-07 00:25:50.196 [main] INFO  org.mongodb.driver.cluster - Cluster created with settings {hosts=[localhost:27017], mode=MULTIPLE, requiredClusterType=UNKNOWN, serverSelectionTimeout='30000 ms', maxWaitQueueSize=500}
2018-03-07 00:25:50.197 [main] INFO  org.mongodb.driver.cluster - Adding discovered server localhost:27017 to client view of cluster
2018-03-07 00:25:50.290 [cluster-ClusterId{value='5a9ec10e519d5f19be1ff54d', description='null'}-localhost:27017] INFO  org.mongodb.driver.connection - Opened connection [connectionId{localValue:1, serverValue:129}] to localhost:27017
2018-03-07 00:25:50.293 [cluster-ClusterId{value='5a9ec10e519d5f19be1ff54d', description='null'}-localhost:27017] INFO  org.mongodb.driver.cluster - Monitor thread successfully connected to server with description ServerDescription{address=localhost:27017, type=STANDALONE, state=CONNECTED, ok=true, version=ServerVersion{versionList=[3, 4, 9]}, minWireVersion=0, maxWireVersion=5, maxDocumentSize=16777216, roundTripTimeNanos=848784}
2018-03-07 00:25:50.295 [cluster-ClusterId{value='5a9ec10e519d5f19be1ff54d', description='null'}-localhost:27017] INFO  org.mongodb.driver.cluster - Discovered cluster type of STANDALONE
2018-03-07 00:25:50.678 [main] INFO  org.mongodb.driver.connection - Opened connection [connectionId{localValue:2, serverValue:130}] to localhost:27017
2018-03-07 00:25:50.845 [main] INFO  o.s.s.c.ThreadPoolTaskExecutor - Initializing ExecutorService  'taskExecutor'
2018-03-07 00:25:51.227 [main] INFO  o.s.w.s.m.m.a.RequestMappingHandlerAdapter - Looking for @ControllerAdvice: org.springframework.boot.context.embedded.AnnotationConfigEmbeddedWebApplicationContext@5276e6b0: startup date [Wed Mar 07 00:25:47 CST 2018]; root of context hierarchy
2018-03-07 00:25:51.439 [main] INFO  o.s.w.s.m.m.a.RequestMappingHandlerMapping - Mapped "{[/api/auth/individual],methods=[GET]}" onto public xyz.nesting.quick.util.ZcApiResponse xyz.nesting.quick.controller.api.AuthController.get()
2018-03-07 00:25:51.442 [main] INFO  o.s.w.s.m.m.a.RequestMappingHandlerMapping - Mapped "{[/api/auth/individual],methods=[POST]}" onto public xyz.nesting.quick.util.ZcApiResponse xyz.nesting.quick.controller.api.AuthController.auth(xyz.nesting.quick.protocol.req.AuthIndividualReq)
2018-03-07 00:25:51.445 [main] INFO  o.s.w.s.m.m.a.RequestMappingHandlerMapping - Mapped "{[/api/user],methods=[POST]}" onto public xyz.nesting.quick.util.ZcApiResponse xyz.nesting.quick.controller.api.UserController.add(xyz.nesting.quick.protocol.req.UserReq)
2018-03-07 00:25:51.446 [main] INFO  o.s.w.s.m.m.a.RequestMappingHandlerMapping - Mapped "{[/api/user],methods=[GET]}" onto public xyz.nesting.quick.util.ZcApiResponse xyz.nesting.quick.controller.api.UserController.get()
2018-03-07 00:25:51.447 [main] INFO  o.s.w.s.m.m.a.RequestMappingHandlerMapping - Mapped "{[/api/user/test],methods=[POST]}" onto public xyz.nesting.quick.util.ZcApiResponse xyz.nesting.quick.controller.api.UserController.test()
2018-03-07 00:25:51.448 [main] INFO  o.s.w.s.m.m.a.RequestMappingHandlerMapping - Mapped "{[/api/user/profile],methods=[PUT]}" onto public xyz.nesting.quick.util.ZcApiResponse xyz.nesting.quick.controller.api.UserController.updateProfile(xyz.nesting.quick.protocol.req.UserProfileReq)
2018-03-07 00:25:51.449 [main] INFO  o.s.w.s.m.m.a.RequestMappingHandlerMapping - Mapped "{[/api/user/image],methods=[PUT]}" onto public xyz.nesting.quick.util.ZcApiResponse xyz.nesting.quick.controller.api.UserController.updateImage(xyz.nesting.quick.protocol.req.UserImageReq)
2018-03-07 00:25:51.451 [main] INFO  o.s.w.s.m.m.a.RequestMappingHandlerMapping - Mapped "{[/public/test],methods=[GET]}" onto public xyz.nesting.quick.util.ZcApiResponse xyz.nesting.quick.controller.pub.PubController.test(java.lang.String)
2018-03-07 00:25:51.455 [main] INFO  o.s.w.s.m.m.a.RequestMappingHandlerMapping - Mapped "{[/error]}" onto public org.springframework.http.ResponseEntity<java.util.Map<java.lang.String, java.lang.Object>> org.springframework.boot.autoconfigure.web.BasicErrorController.error(javax.servlet.http.HttpServletRequest)
2018-03-07 00:25:51.456 [main] INFO  o.s.w.s.m.m.a.RequestMappingHandlerMapping - Mapped "{[/error],produces=[text/html]}" onto public org.springframework.web.servlet.ModelAndView org.springframework.boot.autoconfigure.web.BasicErrorController.errorHtml(javax.servlet.http.HttpServletRequest,javax.servlet.http.HttpServletResponse)
2018-03-07 00:25:51.511 [main] INFO  o.s.w.s.h.SimpleUrlHandlerMapping - Mapped URL path [/webjars/**] onto handler of type [class org.springframework.web.servlet.resource.ResourceHttpRequestHandler]
2018-03-07 00:25:51.511 [main] INFO  o.s.w.s.h.SimpleUrlHandlerMapping - Mapped URL path [/**] onto handler of type [class org.springframework.web.servlet.resource.ResourceHttpRequestHandler]
2018-03-07 00:25:51.538 [main] INFO  o.s.w.s.m.m.a.ExceptionHandlerExceptionResolver - Detected @ExceptionHandler methods in controllerExcepitonHandler
2018-03-07 00:25:51.596 [main] INFO  o.s.w.s.h.SimpleUrlHandlerMapping - Mapped URL path [/**/favicon.ico] onto handler of type [class org.springframework.web.servlet.resource.ResourceHttpRequestHandler]
2018-03-07 00:25:51.921 [main] INFO  o.s.j.e.a.AnnotationMBeanExporter - Registering beans for JMX exposure on startup
2018-03-07 00:25:51.946 [main] INFO  o.e.j.s.h.ContextHandler.application - Initializing Spring FrameworkServlet 'dispatcherServlet'
2018-03-07 00:25:51.946 [main] INFO  o.s.web.servlet.DispatcherServlet - FrameworkServlet 'dispatcherServlet': initialization started
2018-03-07 00:25:51.962 [main] INFO  o.s.web.servlet.DispatcherServlet - FrameworkServlet 'dispatcherServlet': initialization completed in 16 ms
2018-03-07 00:25:52.017 [main] INFO  o.e.jetty.server.AbstractConnector - Started ServerConnector@5395ea39{HTTP/1.1,[http/1.1]}{0.0.0.0:8019}
2018-03-07 00:25:52.019 [main] INFO  o.s.b.c.e.j.JettyEmbeddedServletContainer - Jetty started on port(s) 8019 (http/1.1)
2018-03-07 00:25:52.024 [main] INFO  xyz.nesting.quick.Application - Started Application in 5.668 seconds (JVM running for 6.366)
2018-03-07 00:25:56.133 [qtp428245792-15] DEBUG x.n.q.i.ApiPublicInterceptor - Request: [URL:http://localhost:8019/public/test, METHOD:GET]
2018-03-07 00:26:21.738 [Thread-11] INFO  o.s.b.c.e.AnnotationConfigEmbeddedWebApplicationContext - Closing org.springframework.boot.context.embedded.AnnotationConfigEmbeddedWebApplicationContext@5276e6b0: startup date [Wed Mar 07 00:25:47 CST 2018]; root of context hierarchy
2018-03-07 00:26:21.745 [Thread-11] INFO  o.s.j.e.a.AnnotationMBeanExporter - Unregistering JMX-exposed beans on shutdown
2018-03-07 00:26:21.746 [Thread-11] INFO  o.s.s.c.ThreadPoolTaskExecutor - Shutting down ExecutorService 'taskExecutor'
2018-03-07 00:26:21.749 [Thread-11] INFO  org.mongodb.driver.connection - Closed connection [connectionId{localValue:2, serverValue:130}] to localhost:27017 because the pool has been closed.
2018-03-07 00:26:21.766 [Thread-11] INFO  o.e.jetty.server.AbstractConnector - Stopped ServerConnector@5395ea39{HTTP/1.1,[http/1.1]}{0.0.0.0:8019}
2018-03-07 00:26:21.766 [Thread-11] INFO  org.eclipse.jetty.server.session - Stopped scavenging
2018-03-07 00:26:21.769 [Thread-11] INFO  o.e.j.s.h.ContextHandler.application - Destroying Spring FrameworkServlet 'dispatcherServlet'
2018-03-07 00:26:21.770 [Thread-11] INFO  o.e.j.server.handler.ContextHandler - Stopped o.s.b.c.e.j.JettyEmbeddedWebAppContext@43b0ade{/,[file:///private/var/folders/58/q058b6vd4kv67l8xg8xnbvph0000gn/T/jetty-docbase.3378788630960983456.8019/],UNAVAILABLE}
2018-03-07 00:28:04.799 [main] INFO  o.s.b.t.c.SpringBootTestContextBootstrapper - Neither @ContextConfiguration nor @ContextHierarchy found for test class [xyz.nesting.quick.ApplicationTests], using SpringBootContextLoader
2018-03-07 00:28:04.811 [main] INFO  o.s.t.c.s.AbstractContextLoader - Could not detect default resource locations for test class [xyz.nesting.quick.ApplicationTests]: no resource found for suffixes {-context.xml, Context.groovy}.
2018-03-07 00:28:04.814 [main] INFO  o.s.t.c.s.AnnotationConfigContextLoaderUtils - Could not detect default configuration classes for test class [xyz.nesting.quick.ApplicationTests]: ApplicationTests does not declare any static, non-private, non-final, nested classes annotated with @Configuration.
2018-03-07 00:28:05.044 [main] INFO  o.s.b.t.c.SpringBootTestContextBootstrapper - Found @SpringBootConfiguration xyz.nesting.quick.Application for test class xyz.nesting.quick.ApplicationTests
2018-03-07 00:28:05.070 [main] INFO  o.s.b.t.c.SpringBootTestContextBootstrapper - Loaded default TestExecutionListener class names from location [META-INF/spring.factories]: [org.springframework.boot.test.mock.mockito.MockitoTestExecutionListener, org.springframework.boot.test.mock.mockito.ResetMocksTestExecutionListener, org.springframework.boot.test.autoconfigure.restdocs.RestDocsTestExecutionListener, org.springframework.boot.test.autoconfigure.web.client.MockRestServiceServerResetTestExecutionListener, org.springframework.boot.test.autoconfigure.web.servlet.MockMvcPrintOnlyOnFailureTestExecutionListener, org.springframework.boot.test.autoconfigure.web.servlet.WebDriverTestExecutionListener, org.springframework.test.context.web.ServletTestExecutionListener, org.springframework.test.context.support.DirtiesContextBeforeModesTestExecutionListener, org.springframework.test.context.support.DependencyInjectionTestExecutionListener, org.springframework.test.context.support.DirtiesContextTestExecutionListener, org.springframework.test.context.transaction.TransactionalTestExecutionListener, org.springframework.test.context.jdbc.SqlScriptsTestExecutionListener]
2018-03-07 00:28:05.133 [main] INFO  o.s.b.t.c.SpringBootTestContextBootstrapper - Using TestExecutionListeners: [org.springframework.test.context.web.ServletTestExecutionListener@63021689, org.springframework.test.context.support.DirtiesContextBeforeModesTestExecutionListener@703580bf, org.springframework.boot.test.autoconfigure.SpringBootDependencyInjectionTestExecutionListener@3e92efc3, org.springframework.test.context.support.DirtiesContextTestExecutionListener@1622f1b, org.springframework.test.context.transaction.TransactionalTestExecutionListener@72a7c7e0, org.springframework.test.context.jdbc.SqlScriptsTestExecutionListener@2e4b8173, org.springframework.boot.test.autoconfigure.web.client.MockRestServiceServerResetTestExecutionListener@70e8f8e, org.springframework.boot.test.autoconfigure.web.servlet.WebDriverTestExecutionListener@17046283, org.springframework.boot.test.autoconfigure.restdocs.RestDocsTestExecutionListener@5bd03f44, org.springframework.boot.test.autoconfigure.web.servlet.MockMvcPrintOnlyOnFailureTestExecutionListener@29626d54, org.springframework.boot.test.mock.mockito.ResetMocksTestExecutionListener@5a63f509, org.springframework.boot.test.mock.mockito.MockitoTestExecutionListener@6e4784bc]
2018-03-07 00:28:05.143 [main] INFO  o.s.b.t.c.SpringBootTestContextBootstrapper - Neither @ContextConfiguration nor @ContextHierarchy found for test class [xyz.nesting.quick.ApplicationTests], using SpringBootContextLoader
2018-03-07 00:28:05.145 [main] INFO  o.s.t.c.s.AbstractContextLoader - Could not detect default resource locations for test class [xyz.nesting.quick.ApplicationTests]: no resource found for suffixes {-context.xml, Context.groovy}.
2018-03-07 00:28:05.145 [main] INFO  o.s.t.c.s.AnnotationConfigContextLoaderUtils - Could not detect default configuration classes for test class [xyz.nesting.quick.ApplicationTests]: ApplicationTests does not declare any static, non-private, non-final, nested classes annotated with @Configuration.
2018-03-07 00:28:05.158 [main] INFO  o.s.b.t.c.SpringBootTestContextBootstrapper - Found @SpringBootConfiguration xyz.nesting.quick.Application for test class xyz.nesting.quick.ApplicationTests
2018-03-07 00:28:05.171 [main] INFO  o.s.b.t.c.SpringBootTestContextBootstrapper - Loaded default TestExecutionListener class names from location [META-INF/spring.factories]: [org.springframework.boot.test.mock.mockito.MockitoTestExecutionListener, org.springframework.boot.test.mock.mockito.ResetMocksTestExecutionListener, org.springframework.boot.test.autoconfigure.restdocs.RestDocsTestExecutionListener, org.springframework.boot.test.autoconfigure.web.client.MockRestServiceServerResetTestExecutionListener, org.springframework.boot.test.autoconfigure.web.servlet.MockMvcPrintOnlyOnFailureTestExecutionListener, org.springframework.boot.test.autoconfigure.web.servlet.WebDriverTestExecutionListener, org.springframework.test.context.web.ServletTestExecutionListener, org.springframework.test.context.support.DirtiesContextBeforeModesTestExecutionListener, org.springframework.test.context.support.DependencyInjectionTestExecutionListener, org.springframework.test.context.support.DirtiesContextTestExecutionListener, org.springframework.test.context.transaction.TransactionalTestExecutionListener, org.springframework.test.context.jdbc.SqlScriptsTestExecutionListener]
2018-03-07 00:28:05.183 [main] INFO  o.s.b.t.c.SpringBootTestContextBootstrapper - Using TestExecutionListeners: [org.springframework.test.context.web.ServletTestExecutionListener@7334aada, org.springframework.test.context.support.DirtiesContextBeforeModesTestExecutionListener@1d9b7cce, org.springframework.boot.test.autoconfigure.SpringBootDependencyInjectionTestExecutionListener@4d9e68d0, org.springframework.test.context.support.DirtiesContextTestExecutionListener@42e99e4a, org.springframework.test.context.transaction.TransactionalTestExecutionListener@14dd9eb7, org.springframework.test.context.jdbc.SqlScriptsTestExecutionListener@52e6fdee, org.springframework.boot.test.autoconfigure.web.client.MockRestServiceServerResetTestExecutionListener@6c80d78a, org.springframework.boot.test.autoconfigure.web.servlet.WebDriverTestExecutionListener@62150f9e, org.springframework.boot.test.autoconfigure.restdocs.RestDocsTestExecutionListener@1a451d4d, org.springframework.boot.test.autoconfigure.web.servlet.MockMvcPrintOnlyOnFailureTestExecutionListener@7fa98a66, org.springframework.boot.test.mock.mockito.ResetMocksTestExecutionListener@15ff3e9e, org.springframework.boot.test.mock.mockito.MockitoTestExecutionListener@5fdcaa40]
2018-03-07 00:28:05.896 [main] INFO  xyz.nesting.quick.ApplicationTests - Starting ApplicationTests on zhengyuedeMacBook-Pro.local with PID 72180 (started by zhengyue in /Users/workspace/springboot_quick)
2018-03-07 00:28:05.898 [main] DEBUG xyz.nesting.quick.ApplicationTests - Running with Spring Boot v1.5.9.RELEASE, Spring v4.3.13.RELEASE
2018-03-07 00:28:05.899 [main] INFO  xyz.nesting.quick.ApplicationTests - The following profiles are active: dev
2018-03-07 00:28:05.955 [main] INFO  o.s.w.c.s.GenericWebApplicationContext - Refreshing org.springframework.web.context.support.GenericWebApplicationContext@74e28667: startup date [Wed Mar 07 00:28:05 CST 2018]; root of context hierarchy
2018-03-07 00:28:06.078 [background-preinit] INFO  o.h.validator.internal.util.Version - HV000001: Hibernate Validator 5.3.6.Final
2018-03-07 00:28:06.800 [main] INFO  o.s.d.r.c.RepositoryConfigurationDelegate - Multiple Spring Data modules found, entering strict repository configuration mode!
2018-03-07 00:28:06.840 [main] INFO  o.s.d.r.c.RepositoryConfigurationDelegate - Multiple Spring Data modules found, entering strict repository configuration mode!
2018-03-07 00:28:08.191 [main] INFO  org.mongodb.driver.cluster - Cluster created with settings {hosts=[localhost:27017], mode=MULTIPLE, requiredClusterType=UNKNOWN, serverSelectionTimeout='30000 ms', maxWaitQueueSize=500}
2018-03-07 00:28:08.192 [main] INFO  org.mongodb.driver.cluster - Adding discovered server localhost:27017 to client view of cluster
2018-03-07 00:28:08.299 [cluster-ClusterId{value='5a9ec198519d5f19f4d3b7cc', description='null'}-localhost:27017] INFO  org.mongodb.driver.connection - Opened connection [connectionId{localValue:1, serverValue:131}] to localhost:27017
2018-03-07 00:28:08.302 [cluster-ClusterId{value='5a9ec198519d5f19f4d3b7cc', description='null'}-localhost:27017] INFO  org.mongodb.driver.cluster - Monitor thread successfully connected to server with description ServerDescription{address=localhost:27017, type=STANDALONE, state=CONNECTED, ok=true, version=ServerVersion{versionList=[3, 4, 9]}, minWireVersion=0, maxWireVersion=5, maxDocumentSize=16777216, roundTripTimeNanos=986906}
2018-03-07 00:28:08.304 [cluster-ClusterId{value='5a9ec198519d5f19f4d3b7cc', description='null'}-localhost:27017] INFO  org.mongodb.driver.cluster - Discovered cluster type of STANDALONE
2018-03-07 00:28:08.554 [main] INFO  org.mongodb.driver.connection - Opened connection [connectionId{localValue:2, serverValue:132}] to localhost:27017
2018-03-07 00:28:08.723 [main] INFO  o.s.s.c.ThreadPoolTaskExecutor - Initializing ExecutorService  'taskExecutor'
2018-03-07 00:28:09.443 [main] INFO  o.s.w.s.m.m.a.RequestMappingHandlerAdapter - Looking for @ControllerAdvice: org.springframework.web.context.support.GenericWebApplicationContext@74e28667: startup date [Wed Mar 07 00:28:05 CST 2018]; root of context hierarchy
2018-03-07 00:28:09.539 [main] INFO  o.s.w.s.m.m.a.RequestMappingHandlerMapping - Mapped "{[/api/auth/individual],methods=[GET]}" onto public xyz.nesting.quick.util.ZcApiResponse xyz.nesting.quick.controller.api.AuthController.get()
2018-03-07 00:28:09.541 [main] INFO  o.s.w.s.m.m.a.RequestMappingHandlerMapping - Mapped "{[/api/auth/individual],methods=[POST]}" onto public xyz.nesting.quick.util.ZcApiResponse xyz.nesting.quick.controller.api.AuthController.auth(xyz.nesting.quick.protocol.req.AuthIndividualReq)
2018-03-07 00:28:09.553 [main] INFO  o.s.w.s.m.m.a.RequestMappingHandlerMapping - Mapped "{[/api/user],methods=[POST]}" onto public xyz.nesting.quick.util.ZcApiResponse xyz.nesting.quick.controller.api.UserController.add(xyz.nesting.quick.protocol.req.UserReq)
2018-03-07 00:28:09.556 [main] INFO  o.s.w.s.m.m.a.RequestMappingHandlerMapping - Mapped "{[/api/user],methods=[GET]}" onto public xyz.nesting.quick.util.ZcApiResponse xyz.nesting.quick.controller.api.UserController.get()
2018-03-07 00:28:09.557 [main] INFO  o.s.w.s.m.m.a.RequestMappingHandlerMapping - Mapped "{[/api/user/test],methods=[POST]}" onto public xyz.nesting.quick.util.ZcApiResponse xyz.nesting.quick.controller.api.UserController.test()
2018-03-07 00:28:09.561 [main] INFO  o.s.w.s.m.m.a.RequestMappingHandlerMapping - Mapped "{[/api/user/profile],methods=[PUT]}" onto public xyz.nesting.quick.util.ZcApiResponse xyz.nesting.quick.controller.api.UserController.updateProfile(xyz.nesting.quick.protocol.req.UserProfileReq)
2018-03-07 00:28:09.562 [main] INFO  o.s.w.s.m.m.a.RequestMappingHandlerMapping - Mapped "{[/api/user/image],methods=[PUT]}" onto public xyz.nesting.quick.util.ZcApiResponse xyz.nesting.quick.controller.api.UserController.updateImage(xyz.nesting.quick.protocol.req.UserImageReq)
2018-03-07 00:28:09.564 [main] INFO  o.s.w.s.m.m.a.RequestMappingHandlerMapping - Mapped "{[/public/test],methods=[GET]}" onto public xyz.nesting.quick.util.ZcApiResponse xyz.nesting.quick.controller.pub.PubController.test()
2018-03-07 00:28:09.571 [main] INFO  o.s.w.s.m.m.a.RequestMappingHandlerMapping - Mapped "{[/error]}" onto public org.springframework.http.ResponseEntity<java.util.Map<java.lang.String, java.lang.Object>> org.springframework.boot.autoconfigure.web.BasicErrorController.error(javax.servlet.http.HttpServletRequest)
2018-03-07 00:28:09.572 [main] INFO  o.s.w.s.m.m.a.RequestMappingHandlerMapping - Mapped "{[/error],produces=[text/html]}" onto public org.springframework.web.servlet.ModelAndView org.springframework.boot.autoconfigure.web.BasicErrorController.errorHtml(javax.servlet.http.HttpServletRequest,javax.servlet.http.HttpServletResponse)
2018-03-07 00:28:09.627 [main] INFO  o.s.w.s.h.SimpleUrlHandlerMapping - Mapped URL path [/webjars/**] onto handler of type [class org.springframework.web.servlet.resource.ResourceHttpRequestHandler]
2018-03-07 00:28:09.629 [main] INFO  o.s.w.s.h.SimpleUrlHandlerMapping - Mapped URL path [/**] onto handler of type [class org.springframework.web.servlet.resource.ResourceHttpRequestHandler]
2018-03-07 00:28:09.655 [main] INFO  o.s.w.s.m.m.a.ExceptionHandlerExceptionResolver - Detected @ExceptionHandler methods in controllerExcepitonHandler
2018-03-07 00:28:09.701 [main] INFO  o.s.w.s.h.SimpleUrlHandlerMapping - Mapped URL path [/**/favicon.ico] onto handler of type [class org.springframework.web.servlet.resource.ResourceHttpRequestHandler]
2018-03-07 00:28:10.124 [main] INFO  xyz.nesting.quick.ApplicationTests - Started ApplicationTests in 4.809 seconds (JVM running for 5.997)
2018-03-07 00:28:10.299 [Thread-2] INFO  o.s.w.c.s.GenericWebApplicationContext - Closing org.springframework.web.context.support.GenericWebApplicationContext@74e28667: startup date [Wed Mar 07 00:28:05 CST 2018]; root of context hierarchy
2018-03-07 00:28:10.303 [Thread-2] INFO  o.s.s.c.ThreadPoolTaskExecutor - Shutting down ExecutorService 'taskExecutor'
2018-03-07 00:28:10.306 [Thread-2] INFO  org.mongodb.driver.connection - Closed connection [connectionId{localValue:2, serverValue:132}] to localhost:27017 because the pool has been closed.
